<?xml version="1.0" encoding="UTF-8"?>
<!-- Generated by org.testng.reporters.JUnitReportReporter -->
<testsuite skipped="0" hostname="LAPTOP-2FLT7BN7" name="com.edureka.testCases.LoginPageTest" tests="1" failures="0" timestamp="01 Feb 2022 18:32:11 GMT" time="4.305" errors="0">
  <testcase name="VerifyLogin" time="4.305" classname="com.edureka.testCases.LoginPageTest"/>
</testsuite> <!-- com.edureka.testCases.LoginPageTest -->
