<?xml version="1.0" encoding="UTF-8"?>
<!-- Generated by org.testng.reporters.JUnitReportReporter -->
<testsuite skipped="0" hostname="LAPTOP-2FLT7BN7" name="com.edureka.testCases.MyProfileTest" tests="1" failures="0" timestamp="03 Feb 2022 06:22:35 GMT" time="48.372" errors="0">
  <testcase name="updateCandidateDetails" time="48.372" classname="com.edureka.testCases.MyProfileTest"/>
</testsuite> <!-- com.edureka.testCases.MyProfileTest -->
